<?xml version="1.0" encoding="UTF-8"?>
<testsuite name="com.test.MoodAnalyzerTest" tests="3" skipped="0" failures="0" errors="0" timestamp="2021-08-03T19:05:21" hostname="DESKTOP-EN6GUKD" time="0.048">
  <properties/>
  <testcase name="whenMessageContains_Sad_ShouldReturnSad()" classname="com.test.MoodAnalyzerTest" time="0.038"/>
  <testcase name="whenNullMessageIsPassed_ExceptionHandling_ShouldReturnHappy()" classname="com.test.MoodAnalyzerTest" time="0.003"/>
  <testcase name="whenMessageContains_Happy_ShouldReturnHappy()" classname="com.test.MoodAnalyzerTest" time="0.002"/>
  <system-out><![CDATA[]]></system-out>
  <system-err><![CDATA[]]></system-err>
</testsuite>
